<?xml version="1.0" encoding="UTF-8"?>
<!-- Generated by org.testng.reporters.JUnitReportReporter -->
<testsuite hostname="MONTY-MI" failures="0" tests="1" name="com.qa.testcases.ContentSquareTest" time="4.241" errors="0" timestamp="2023-04-04T14:43:26 CEST" skipped="0">
  <testcase classname="com.qa.testcases.ContentSquareTest" name="VerifyUiAndApiData" time="4.241"/>
  <system-out/>
</testsuite> <!-- com.qa.testcases.ContentSquareTest -->
