<?xml version="1.0" encoding="UTF-8"?>
<!-- Generated by org.testng.reporters.JUnitReportReporter -->
<testsuite hostname="MONTY-MI" failures="0" tests="2" name="com.qa.testcases.DemoTest" time="8.742" errors="0" timestamp="2023-04-02T20:44:14 CEST" skipped="1">
  <testcase classname="com.qa.testcases.DemoTest" name="VerifyProjectsTest" time="8.742"/>
  <system-out/>
  <testcase classname="com.qa.testcases.DemoTest" name="VerifyHomePageTest">
    <skipped/>
  </testcase> <!-- VerifyHomePageTest -->
  <system-out/>
</testsuite> <!-- com.qa.testcases.DemoTest -->
