<?xml version="1.0" encoding="UTF-8"?>
<!-- Generated by org.testng.reporters.JUnitReportReporter -->
<testsuite hostname="MONTY-MI" failures="0" tests="2" name="com.qa.testcases.DemoTest" time="13.853" errors="0" timestamp="2023-04-02T14:01:52 CEST" skipped="0">
  <testcase classname="com.qa.testcases.DemoTest" name="VerifyLoginTest" time="11.984"/>
  <system-out/>
  <testcase classname="com.qa.testcases.DemoTest" name="VerifyHomePageTest" time="1.869"/>
  <system-out/>
</testsuite> <!-- com.qa.testcases.DemoTest -->
